\BOOKMARK [1][-]{section.1}{\376\377\000I\000n\000t\000r\000o\000d\000u\000c\000t\000i\000o\000n}{}% 1
\BOOKMARK [2][-]{subsection.1.1}{\376\377\000C\000o\000n\000s\000i\000g\000n\000e\000s\000\040\000p\000r\000o\000f\000e\000s\000s\000e\000u\000r}{section.1}% 2
\BOOKMARK [2][-]{subsection.1.2}{\376\377\000R\000o\000a\000d\000m\000a\000p}{section.1}% 3
\BOOKMARK [2][-]{subsection.1.3}{\376\377\000R\000\351\000p\000a\000r\000t\000i\000t\000i\000o\000n\000\040\000d\000e\000s\000\040\000t\000\342\000c\000h\000e\000s}{section.1}% 4
\BOOKMARK [1][-]{section.2}{\376\377\000C\000o\000d\000e}{}% 5
\BOOKMARK [2][-]{subsection.2.1}{\376\377\000M\000e\000n\000u\000\040\000T\000U\000I}{section.2}% 6
\BOOKMARK [3][-]{subsubsection.2.1.1}{\376\377\000I\000n\000t\000r\000o\000d\000u\000c\000t\000i\000o\000n}{subsection.2.1}% 7
\BOOKMARK [3][-]{subsubsection.2.1.2}{\376\377\000E\000x\000p\000l\000i\000c\000a\000t\000i\000o\000n\000s}{subsection.2.1}% 8
\BOOKMARK [2][-]{subsection.2.2}{\376\377\000N\000T\000P}{section.2}% 9
\BOOKMARK [3][-]{subsubsection.2.2.1}{\376\377\000I\000n\000t\000r\000o\000d\000u\000c\000t\000i\000o\000n}{subsection.2.2}% 10
\BOOKMARK [3][-]{subsubsection.2.2.2}{\376\377\000E\000x\000p\000l\000i\000c\000a\000t\000i\000o\000n\000s}{subsection.2.2}% 11
\BOOKMARK [2][-]{subsection.2.3}{\376\377\000D\000N\000S}{section.2}% 12
\BOOKMARK [3][-]{subsubsection.2.3.1}{\376\377\000I\000n\000t\000r\000o\000d\000u\000c\000t\000i\000o\000n}{subsection.2.3}% 13
\BOOKMARK [3][-]{subsubsection.2.3.2}{\376\377\000E\000x\000p\000l\000i\000c\000a\000t\000i\000o\000n\000s}{subsection.2.3}% 14
\BOOKMARK [2][-]{subsection.2.4}{\376\377\000P\000a\000r\000t\000a\000g\000e\000\040\000S\000A\000M\000B\000A}{section.2}% 15
\BOOKMARK [3][-]{subsubsection.2.4.1}{\376\377\000I\000n\000t\000r\000o\000d\000u\000c\000t\000i\000o\000n}{subsection.2.4}% 16
\BOOKMARK [3][-]{subsubsection.2.4.2}{\376\377\000E\000x\000p\000l\000i\000c\000a\000t\000i\000o\000n\000s}{subsection.2.4}% 17
\BOOKMARK [2][-]{subsection.2.5}{\376\377\000P\000a\000r\000t\000a\000g\000e\000\040\000N\000F\000S}{section.2}% 18
\BOOKMARK [3][-]{subsubsection.2.5.1}{\376\377\000I\000n\000t\000r\000o\000d\000u\000c\000t\000i\000o\000n}{subsection.2.5}% 19
\BOOKMARK [3][-]{subsubsection.2.5.2}{\376\377\000E\000x\000p\000l\000i\000c\000a\000t\000i\000o\000n\000s}{subsection.2.5}% 20
\BOOKMARK [2][-]{subsection.2.6}{\376\377\000S\000e\000r\000v\000e\000u\000r\000\040\000W\000e\000b}{section.2}% 21
\BOOKMARK [3][-]{subsubsection.2.6.1}{\376\377\000I\000n\000t\000r\000o\000d\000u\000c\000t\000i\000o\000n}{subsection.2.6}% 22
\BOOKMARK [3][-]{subsubsection.2.6.2}{\376\377\000E\000x\000p\000l\000i\000c\000a\000t\000i\000o\000n\000s}{subsection.2.6}% 23
\BOOKMARK [2][-]{subsection.2.7}{\376\377\000S\000e\000r\000v\000e\000u\000r\000\040\000S\000Q\000L}{section.2}% 24
\BOOKMARK [3][-]{subsubsection.2.7.1}{\376\377\000I\000n\000t\000r\000o\000d\000u\000c\000t\000i\000o\000n}{subsection.2.7}% 25
\BOOKMARK [3][-]{subsubsection.2.7.2}{\376\377\000E\000x\000p\000l\000i\000c\000a\000t\000i\000o\000n\000s}{subsection.2.7}% 26
\BOOKMARK [2][-]{subsection.2.8}{\376\377\000S\000e\000r\000v\000e\000u\000r\000\040\000F\000T\000P}{section.2}% 27
\BOOKMARK [3][-]{subsubsection.2.8.1}{\376\377\000I\000n\000t\000r\000o\000d\000u\000c\000t\000i\000o\000n}{subsection.2.8}% 28
\BOOKMARK [3][-]{subsubsection.2.8.2}{\376\377\000E\000x\000p\000l\000i\000c\000a\000t\000i\000o\000n\000s}{subsection.2.8}% 29
\BOOKMARK [2][-]{subsection.2.9}{\376\377\000B\000a\000c\000k\000u\000p}{section.2}% 30
\BOOKMARK [2][-]{subsection.2.10}{\376\377\000P\000a\000r\000t\000i\000t\000i\000o\000n\000n\000e\000m\000e\000n\000t}{section.2}% 31
\BOOKMARK [1][-]{section.3}{\376\377\000C\000o\000n\000c\000l\000u\000s\000i\000o\000n}{}% 32
